<?xml version="1.0" encoding="UTF-8"?>
<testsuites name="New Test Suite" time="35" tests="1" failures="0" errors="0">
   <testsuite name="New Test Suite" tests="1" failures="0" errors="0" time="35" timestamp="2018-04-11 11:13:01" hostname="Administrator - 192.168.10.15" id="Test Suites/New Test Suite">
      <properties>
         <property name="deviceName" value=""/>
         <property name="devicePlatform" value=""/>
         <property name="logFolder" value="C:\\Users\\Administrator\\Katalon Studio\\Test\\Reports\\New Test Suite\\20180411_111258"/>
         <property name="logFiles" value="C:\\Users\\Administrator\\Katalon Studio\\Test\\Reports\\New Test Suite\\20180411_111258\\execution0.log"/>
         <property name="attachments" value=""/>
         <property name="hostName" value="Administrator - 192.168.10.15"/>
         <property name="os" value="Windows Server 2012 R2 64bit"/>
         <property name="katalonVersion" value="5.3.1.1"/>
         <property name="browser" value="Chrome 65.0.3325.181"/>
         <property name="hostAddress" value="192.168.10.15"/>
         <property name="sessionId" value="0f4d8e2f1ddb21020f9f7ca25d1a8135"/>
         <property name="seleniumVersion" value="3.7.1"/>
         <property name="proxyInformation" value="ProxyInformation{proxyOption=NO_PROXY, proxyServerType=HTTP, password=, proxyServerAddress=, proxyServerPort=0}"/>
         <property name="platform" value="Windows Server 2012 R2"/>
      </properties>
      <testcase name="Test Cases/New Test Case (2)" classname="Test Cases/New Test Case (2)" status="PASSED">
         <system-out><![CDATA[2018-04-11 11:13:02 - [TEST_CASE][PASSED] - Test Cases/New Test Case (2): Test Cases/New Test Case (2)

2018-04-11 11:13:03 - [TEST_STEP][PASSED] - openBrowser: Browser is opened with url: ''

2018-04-11 11:13:08 - [MESSAGE][PASSED] - Browser is opened with url: ''

2018-04-11 11:13:08 - [TEST_STEP][PASSED] - navigateToUrl: Navigate to 'http://194.47.174.53/' successfully

2018-04-11 11:13:10 - [MESSAGE][PASSED] - Navigate to 'http://194.47.174.53/' successfully

2018-04-11 11:13:10 - [TEST_STEP][PASSED] - click: Object: 'Object Repository/nyttest/Page_Alloy - collaboration communic/a_About us' is clicked on

2018-04-11 11:13:36 - [MESSAGE][PASSED] - Object: 'Object Repository/nyttest/Page_Alloy - collaboration communic/a_About us' is clicked on

2018-04-11 11:13:36 - [TEST_STEP][PASSED] - verifyElementPresent: Object 'Object Repository/nyttest/Page_About Alloy Inc - NOT FOR COMM/h1_About us' is present

2018-04-11 11:13:36 - [MESSAGE][WARNING] - Timeout '0' is invalid. Using default page load timeout: '30'

2018-04-11 11:13:36 - [MESSAGE][PASSED] - Object 'Object Repository/nyttest/Page_About Alloy Inc - NOT FOR COMM/h1_About us' is present

2018-04-11 11:13:36 - [TEST_STEP][PASSED] - verifyElementPresent: Object 'Object Repository/nyttest/Page_About Alloy Inc - NOT FOR COMM/p_Alloy improves the effective' is present

2018-04-11 11:13:36 - [MESSAGE][WARNING] - Timeout '0' is invalid. Using default page load timeout: '30'

2018-04-11 11:13:36 - [MESSAGE][PASSED] - Object 'Object Repository/nyttest/Page_About Alloy Inc - NOT FOR COMM/p_Alloy improves the effective' is present

2018-04-11 11:13:36 - [TEST_STEP][PASSED] - closeBrowser: Browser is closed

2018-04-11 11:13:37 - [MESSAGE][PASSED] - Browser is closed]]></system-out>
         <system-err><![CDATA[]]></system-err>
      </testcase>
      <system-out><![CDATA[2018-04-11 11:13:01 - [TEST_SUITE][PASSED] - New Test Suite: Test Cases/New Test Case (2)]]></system-out>
      <system-err><![CDATA[]]></system-err>
   </testsuite>
</testsuites>
