<?xml version="1.0" encoding="UTF-8"?>
<testsuites name="New Test Suite" time="72" tests="1" failures="0" errors="0">
   <testsuite name="New Test Suite" tests="1" failures="0" errors="0" time="72" timestamp="2018-04-11 11:13:51" hostname="Administrator - 192.168.10.15" id="Test Suites/New Test Suite">
      <properties>
         <property name="deviceName" value=""/>
         <property name="devicePlatform" value=""/>
         <property name="logFolder" value="C:\\Users\\Administrator\\Katalon Studio\\Test\\Reports\\New Test Suite\\20180411_111347"/>
         <property name="logFiles" value="C:\\Users\\Administrator\\Katalon Studio\\Test\\Reports\\New Test Suite\\20180411_111347\\execution0.log"/>
         <property name="attachments" value=""/>
         <property name="hostName" value="Administrator - 192.168.10.15"/>
         <property name="os" value="Windows Server 2012 R2 64bit"/>
         <property name="katalonVersion" value="5.3.1.1"/>
         <property name="browser" value="Chrome 65.0.3325.181"/>
         <property name="hostAddress" value="192.168.10.15"/>
         <property name="sessionId" value="43f9eeb7ddb0b6ad9d044776044df5e5"/>
         <property name="seleniumVersion" value="3.7.1"/>
         <property name="proxyInformation" value="ProxyInformation{proxyOption=NO_PROXY, proxyServerType=HTTP, password=, proxyServerAddress=, proxyServerPort=0}"/>
         <property name="platform" value="Windows Server 2012 R2"/>
      </properties>
      <testcase name="Test Cases/New Test Case (1)" classname="Test Cases/New Test Case (1)" status="PASSED">
         <system-out><![CDATA[2018-04-11 11:13:52 - [TEST_CASE][PASSED] - Test Cases/New Test Case (1): Test Cases/New Test Case (1)

2018-04-11 11:13:53 - [TEST_STEP][PASSED] - openBrowser: Browser is opened with url: ''

2018-04-11 11:13:58 - [MESSAGE][PASSED] - Browser is opened with url: ''

2018-04-11 11:13:58 - [TEST_STEP][PASSED] - navigateToUrl: Navigate to 'http://194.47.174.53/' successfully

2018-04-11 11:13:59 - [MESSAGE][PASSED] - Navigate to 'http://194.47.174.53/' successfully

2018-04-11 11:13:59 - [TEST_STEP][PASSED] - setViewPortSize: Viewport is set to new size with width = 1024 and height = 768

2018-04-11 11:14:00 - [MESSAGE][PASSED] - Viewport is set to new size with width = 1024 and height = 768

2018-04-11 11:14:00 - [TEST_STEP][PASSED] - click: Object: 'Object Repository/Test/Page_Alloy - collaboration communic/a_Alloy Plan' is clicked on

2018-04-11 11:14:58 - [MESSAGE][PASSED] - Object: 'Object Repository/Test/Page_Alloy - collaboration communic/a_Alloy Plan' is clicked on

2018-04-11 11:14:58 - [TEST_STEP][PASSED] - click: Object: 'Object Repository/Test/Page_Alloy - collaboration communic/a_Start' is clicked on

2018-04-11 11:14:58 - [MESSAGE][PASSED] - Object: 'Object Repository/Test/Page_Alloy - collaboration communic/a_Start' is clicked on

2018-04-11 11:14:58 - [TEST_STEP][PASSED] - click: Object: 'Object Repository/Test/Page_Alloy - collaboration communic/h1_Wherever you meet' is clicked on

2018-04-11 11:14:59 - [MESSAGE][PASSED] - Object: 'Object Repository/Test/Page_Alloy - collaboration communic/h1_Wherever you meet' is clicked on

2018-04-11 11:14:59 - [TEST_STEP][PASSED] - closeBrowser: Browser is closed

2018-04-11 11:14:59 - [MESSAGE][PASSED] - Browser is closed

2018-04-11 11:14:59 - [TEST_STEP][PASSED] - openBrowser: Browser is opened with url: ''

2018-04-11 11:15:02 - [MESSAGE][PASSED] - Browser is opened with url: ''

2018-04-11 11:15:02 - [TEST_STEP][PASSED] - navigateToUrl: Navigate to 'http://194.47.174.53/' successfully

2018-04-11 11:15:02 - [MESSAGE][PASSED] - Navigate to 'http://194.47.174.53/' successfully

2018-04-11 11:15:02 - [TEST_STEP][PASSED] - click: Object: 'Object Repository/Page_Alloy - collaboration communic/a_About us' is clicked on

2018-04-11 11:15:03 - [MESSAGE][PASSED] - Object: 'Object Repository/Page_Alloy - collaboration communic/a_About us' is clicked on

2018-04-11 11:15:03 - [TEST_STEP][PASSED] - verifyElementPresent: Object 'Object Repository/Page_Alloy - collaboration communic/a_About us' is present

2018-04-11 11:15:03 - [MESSAGE][WARNING] - Timeout '0' is invalid. Using default page load timeout: '30'

2018-04-11 11:15:03 - [MESSAGE][PASSED] - Object 'Object Repository/Page_Alloy - collaboration communic/a_About us' is present

2018-04-11 11:15:03 - [TEST_STEP][PASSED] - click: Object: 'Object Repository/Page_About Alloy Inc - NOT FOR COMM/p_Alloy improves the effective' is clicked on

2018-04-11 11:15:03 - [MESSAGE][PASSED] - Object: 'Object Repository/Page_About Alloy Inc - NOT FOR COMM/p_Alloy improves the effective' is clicked on

2018-04-11 11:15:03 - [TEST_STEP][PASSED] - closeBrowser: Browser is closed

2018-04-11 11:15:04 - [MESSAGE][PASSED] - Browser is closed]]></system-out>
         <system-err><![CDATA[]]></system-err>
      </testcase>
      <system-out><![CDATA[2018-04-11 11:13:51 - [TEST_SUITE][PASSED] - New Test Suite: Test Cases/New Test Case (1)]]></system-out>
      <system-err><![CDATA[]]></system-err>
   </testsuite>
</testsuites>
